<?xml version="1.0" encoding="UTF-8"?>
<!-- Generated by org.testng.reporters.JUnitReportReporter -->
<testsuite hostname="NOI-PG037B2M" failures="0" tests="2" name="AmazonTestPackage.AmazonTestProject.SearchProductTestCase" time="8.794" errors="0" timestamp="2025-01-22T15:33:06 IST" skipped="1">
  <testcase classname="AmazonTestPackage.AmazonTestProject.SearchProductTestCase" name="SearchProduct" time="0.422">
    <skipped/>
  </testcase> <!-- SearchProduct -->
  <system-out/>
  <testcase classname="AmazonTestPackage.AmazonTestProject.SearchProductTestCase" name="SearchProduct" time="8.372"/>
  <system-out>
    <![CDATA[Test Case is Passed]]>
  </system-out>
</testsuite> <!-- AmazonTestPackage.AmazonTestProject.SearchProductTestCase -->
