<?xml version="1.0" encoding="UTF-8"?>
<!-- Generated by org.testng.reporters.JUnitReportReporter -->
<testsuite hostname="NOI-PG037B2M" failures="0" tests="1" name="AmazonTestPackage.AmazonTestProject.LoginTest" time="15.322" errors="0" timestamp="2025-01-23T00:24:02 IST" skipped="0">
  <testcase classname="AmazonTestPackage.AmazonTestProject.LoginTest" name="LoginTest" time="15.322"/>
  <system-out>
    <![CDATA[Test Case is Passed]]>
  </system-out>
</testsuite> <!-- AmazonTestPackage.AmazonTestProject.LoginTest -->
