<?xml version="1.0" encoding="UTF-8"?>
<!-- Generated by org.testng.reporters.JUnitReportReporter -->
<testsuite hostname="NOI-PG037B2M" failures="0" tests="1" name="AmazonTestPackage.AmazonTestProject.SearchProductTestCase" time="0.000" errors="0" timestamp="2025-01-23T12:58:38 IST" skipped="1">
  <testcase classname="AmazonTestPackage.AmazonTestProject.SearchProductTestCase" name="SearchProduct" time="0.000">
    <skipped/>
  </testcase> <!-- SearchProduct -->
</testsuite> <!-- AmazonTestPackage.AmazonTestProject.SearchProductTestCase -->
